SECURITY [2025-05-28 15:14:18,981] INFO: Login attempt with data: {'email': 'uday@gmail.com', 'password': 'uday@123', 'role': 'admin'}
SECURITY [2025-05-28 15:14:18,993] INFO: User found: uday@gmail.com with role: admin
SECURITY [2025-05-28 15:14:19,757] INFO: Checking role: requested=admin, actual=admin
SECURITY [2025-05-28 15:14:19,783] INFO: Successful login: uday@gmail.com (admin)
SECURITY [2025-05-28 15:14:19,852] INFO: Sending response: {'status': 'success', 'message': 'Login successful', 'data': {'access': 'eyJhbGciOiJIUzI1NiIsInR5cCI6IkpXVCJ9.eyJ0b2tlbl90eXBlIjoiYWNjZXNzIiwiZXhwIjoxNzQ4NTExODU5LCJpYXQiOjE3NDg0MjU0NTksImp0aSI6Ijg1ZDcyYWM1Yzg4ZDQ2ZDVhOThjNzM0NGQ1NzQwM2Y2IiwidXNlcl9pZCI6M30.l4yY-LIkrBwvMxmW1Xg0RXv1QhK-NLR_VKeVMykYxwU', 'refresh': 'eyJhbGciOiJIUzI1NiIsInR5cCI6IkpXVCJ9.eyJ0b2tlbl90eXBlIjoicmVmcmVzaCIsImV4cCI6MTc0OTAzMDI1OSwiaWF0IjoxNzQ4NDI1NDU5LCJqdGkiOiJiOTZlNGU5YjkzNzM0YzVhYWQ3NjAyNjVkNWNkZTQ3OCIsInVzZXJfaWQiOjN9.3uTJ4Yv4MsvCc0Fa46bIWEEFeYldfkzZ5Q3EIsb25og', 'user': {'id': 3, 'email': 'uday@gmail.com', 'first_name': '', 'last_name': '', 'role': 'admin', 'is_staff': False, 'is_superuser': False}, 'dashboard_url': '/admin/dashboard/'}}
SECURITY [2025-05-28 15:44:04,930] INFO: Admin user creating company - User: uday@gmail.com (ID: 3)
SECURITY [2025-05-28 15:44:04,931] INFO: Company creation initiated - Admin: uday@gmail.com from IP: 127.0.0.1
SECURITY [2025-05-28 15:44:04,932] INFO: Request data: {'name': 'com1', 'email': 'com1@gmail.com', 'phone': '8765432190', 'industry': 'cottom', 'username': 'com1', 'password': '12345678', 'location': 'vizag'}
SECURITY [2025-05-28 15:44:05,704] INFO: Company created successfully: com1 (ID: 1)
SECURITY [2025-05-28 15:44:05,704] INFO: User account created for company with email: com1@gmail.com
SECURITY [2025-05-28 15:44:05,707] INFO: Username: com1
SECURITY [2025-05-28 15:44:05,709] INFO: Returning response: {'id': 1, 'name': 'com1', 'email': 'com1@gmail.com', 'phone': '8765432190', 'address': None, 'location': 'vizag', 'industry': 'cottom', 'description': None, 'website': None, 'logo': None, 'join_date': '2025-05-28', 'is_active': True, 'user_email': 'com1@gmail.com', 'user_id': 4, 'user_credentials': {'username': 'com1', 'login_email': 'com1@gmail.com', 'password': '12345678', 'role': 'company'}, 'message': 'Company created successfully with user account. Please securely share these credentials with the company.'}
SECURITY [2025-05-28 15:50:07,998] INFO: Volunteer deletion initiated - User: uday@gmail.com (admin), Volunteer: vol1 (ID: 1) from IP: 127.0.0.1
SECURITY [2025-05-28 15:50:08,027] INFO: User account deleted - vol1@gmail.com (ID: 2)
SECURITY [2025-05-28 15:50:08,035] INFO: Volunteer deleted successfully: vol1 (ID: 1)
SECURITY [2025-05-28 15:50:47,627] INFO: Volunteer creation initiated - User: uday@gmail.com (admin) from IP: 127.0.0.1
SECURITY [2025-05-28 15:50:47,998] INFO: Volunteer created successfully: vol1 (ID: 2)
SECURITY [2025-05-28 16:19:55,645] INFO: Login attempt with data: {'email': 'kohli@gmail.com', 'password': '12345678', 'role': 'volunteer'}
SECURITY [2025-05-28 16:19:55,650] INFO: User found: kohli@gmail.com with role: volunteer
SECURITY [2025-05-28 16:19:56,070] INFO: Checking role: requested=volunteer, actual=volunteer
SECURITY [2025-05-28 16:19:56,072] INFO: Successful login: kohli@gmail.com (volunteer)
SECURITY [2025-05-28 16:19:56,074] INFO: Sending response: {'status': 'success', 'message': 'Login successful', 'data': {'access': 'eyJhbGciOiJIUzI1NiIsInR5cCI6IkpXVCJ9.eyJ0b2tlbl90eXBlIjoiYWNjZXNzIiwiZXhwIjoxNzQ4NTE1Nzk2LCJpYXQiOjE3NDg0MjkzOTYsImp0aSI6IjFiOGE4NTI4ZmExYzQ5ZjQ5ZTEzMWFlYzViNWEwNWVmIiwidXNlcl9pZCI6Nn0.3ShRs3lvPQroMBBwU7b6xPoCdfeKO_Q8bertGUD6a5Q', 'refresh': 'eyJhbGciOiJIUzI1NiIsInR5cCI6IkpXVCJ9.eyJ0b2tlbl90eXBlIjoicmVmcmVzaCIsImV4cCI6MTc0OTAzNDE5NiwiaWF0IjoxNzQ4NDI5Mzk2LCJqdGkiOiI0NTI5ZDdmZDk3ZjI0NTk5YmYwNDgwOTI1YjA3MDc3MCIsInVzZXJfaWQiOjZ9.u7EW0xJdI88bDqq9hOzmfPvuiXKTfNLaAH7rp5MsgZM', 'user': {'id': 6, 'email': 'kohli@gmail.com', 'first_name': 'kohli', 'last_name': '', 'role': 'volunteer', 'is_staff': False, 'is_superuser': False}, 'dashboard_url': '/volunteer/dashboard/'}}
SECURITY [2025-05-28 18:55:35,117] INFO: Login attempt with data: {'email': 'kohli@gmail.com', 'password': 'kohli@123', 'role': 'volunteer'}
SECURITY [2025-05-28 18:55:35,120] INFO: User found: kohli@gmail.com with role: volunteer
SECURITY [2025-05-28 18:55:35,627] WARNING: Authentication failed for user: kohli@gmail.com
SECURITY [2025-05-28 18:55:49,864] INFO: Login attempt with data: {'email': 'kohli@gmail.com', 'password': '1234', 'role': 'volunteer'}
SECURITY [2025-05-28 18:55:49,866] INFO: User found: kohli@gmail.com with role: volunteer
SECURITY [2025-05-28 18:55:50,389] WARNING: Authentication failed for user: kohli@gmail.com
SECURITY [2025-05-28 18:56:18,895] INFO: Login attempt with data: {'email': 'kohli@gmail.com', 'password': '12345678', 'role': 'volunteer'}
SECURITY [2025-05-28 18:56:18,896] INFO: User found: kohli@gmail.com with role: volunteer
SECURITY [2025-05-28 18:56:19,503] INFO: Checking role: requested=volunteer, actual=volunteer
SECURITY [2025-05-28 18:56:19,504] INFO: Successful login: kohli@gmail.com (volunteer)
SECURITY [2025-05-28 18:56:19,504] INFO: Sending response: {'status': 'success', 'message': 'Login successful', 'data': {'access': 'eyJhbGciOiJIUzI1NiIsInR5cCI6IkpXVCJ9.eyJ0b2tlbl90eXBlIjoiYWNjZXNzIiwiZXhwIjoxNzQ4NTI1MTc5LCJpYXQiOjE3NDg0Mzg3NzksImp0aSI6IjkzMzFhMjVhY2JmNTQwZTdiMjZhNzUyM2EwYTBlNDUzIiwidXNlcl9pZCI6Nn0.dnkwfohXoDaMglrRCGKzqltbSTyUTvcXYry_2Sbx6UI', 'refresh': 'eyJhbGciOiJIUzI1NiIsInR5cCI6IkpXVCJ9.eyJ0b2tlbl90eXBlIjoicmVmcmVzaCIsImV4cCI6MTc0OTA0MzU3OSwiaWF0IjoxNzQ4NDM4Nzc5LCJqdGkiOiIwZjQzN2FjOGNmNTA0MDU0OTExODBjZmE0MjRjM2I0MCIsInVzZXJfaWQiOjZ9.uGeB9IdKmZMOCaaC2rtc0WwJEv-KOfEXgCkIl0JBH8A', 'user': {'id': 6, 'email': 'kohli@gmail.com', 'first_name': 'kohli', 'last_name': '', 'role': 'volunteer', 'is_staff': False, 'is_superuser': False}, 'dashboard_url': '/volunteer/dashboard/'}}
SECURITY [2025-05-28 19:10:08,379] INFO: Login attempt with data: {'email': 'kohli@gmail.com', 'password': '12345678', 'role': 'volunteer'}
SECURITY [2025-05-28 19:10:08,382] INFO: User found: kohli@gmail.com with role: volunteer
SECURITY [2025-05-28 19:10:08,908] INFO: Checking role: requested=volunteer, actual=volunteer
SECURITY [2025-05-28 19:10:08,909] INFO: Successful login: kohli@gmail.com (volunteer)
SECURITY [2025-05-28 19:10:08,910] INFO: Sending response: {'status': 'success', 'message': 'Login successful', 'data': {'access': 'eyJhbGciOiJIUzI1NiIsInR5cCI6IkpXVCJ9.eyJ0b2tlbl90eXBlIjoiYWNjZXNzIiwiZXhwIjoxNzQ4NTI2MDA4LCJpYXQiOjE3NDg0Mzk2MDgsImp0aSI6ImEyMzkwMTI2YmJkZjRhNDc5ODhiMjI5OWQ3Y2U4MWZmIiwidXNlcl9pZCI6Nn0.buJtvJYihCEV4Lealh_QI2lvaXofhnympbiZIKtkLNM', 'refresh': 'eyJhbGciOiJIUzI1NiIsInR5cCI6IkpXVCJ9.eyJ0b2tlbl90eXBlIjoicmVmcmVzaCIsImV4cCI6MTc0OTA0NDQwOCwiaWF0IjoxNzQ4NDM5NjA4LCJqdGkiOiJhMTJkMjI3MjViYTU0MjAxOGI5MjlkNjQ3ODAzNDc0YyIsInVzZXJfaWQiOjZ9.lkd9vGRpOidjZopRfHuXMiPi7yarWdWvmq-ibaETsjw', 'user': {'id': 6, 'email': 'kohli@gmail.com', 'first_name': 'kohli', 'last_name': '', 'role': 'volunteer', 'is_staff': False, 'is_superuser': False}, 'dashboard_url': '/volunteer/dashboard/'}}
SECURITY [2025-05-28 19:49:10,816] INFO: Login attempt with data: {'email': 'kohli@gmail.com', 'password': '12345678', 'role': 'volunteer'}
SECURITY [2025-05-28 19:49:10,821] INFO: User found: kohli@gmail.com with role: volunteer
SECURITY [2025-05-28 19:49:11,296] INFO: Checking role: requested=volunteer, actual=volunteer
SECURITY [2025-05-28 19:49:11,297] INFO: Successful login: kohli@gmail.com (volunteer)
SECURITY [2025-05-28 19:49:11,297] INFO: Sending response: {'status': 'success', 'message': 'Login successful', 'data': {'access': 'eyJhbGciOiJIUzI1NiIsInR5cCI6IkpXVCJ9.eyJ0b2tlbl90eXBlIjoiYWNjZXNzIiwiZXhwIjoxNzQ4NTI4MzUxLCJpYXQiOjE3NDg0NDE5NTEsImp0aSI6ImI0ZDgyOGMyYzIxMTQwNTk5MTRhNzEzN2NlZWRmNDE1IiwidXNlcl9pZCI6Nn0.VhdWjcVLMdP1ZkJdgJZ1p7hLahkqaU8PlgLj9AEawVE', 'refresh': 'eyJhbGciOiJIUzI1NiIsInR5cCI6IkpXVCJ9.eyJ0b2tlbl90eXBlIjoicmVmcmVzaCIsImV4cCI6MTc0OTA0Njc1MSwiaWF0IjoxNzQ4NDQxOTUxLCJqdGkiOiJhMzRkNzIyOWRhNDI0N2U4YjI4MTkwNGU3YzcxYzdjOCIsInVzZXJfaWQiOjZ9.1ZpMcnVc-zIomaRiKW7epAytWyBU9RAtPzq7o3Jt2iw', 'user': {'id': 6, 'email': 'kohli@gmail.com', 'first_name': 'kohli', 'last_name': '', 'role': 'volunteer', 'is_staff': False, 'is_superuser': False}, 'dashboard_url': '/volunteer/dashboard/'}}
SECURITY [2025-05-28 21:07:06,160] INFO: Login attempt with data: {'email': 'kohli@gmail.com', 'password': '12345678', 'role': 'volunteer'}
SECURITY [2025-05-28 21:07:06,163] INFO: User found: kohli@gmail.com with role: volunteer
SECURITY [2025-05-28 21:07:06,512] INFO: Checking role: requested=volunteer, actual=volunteer
SECURITY [2025-05-28 21:07:06,513] INFO: Successful login: kohli@gmail.com (volunteer)
SECURITY [2025-05-28 21:07:06,513] INFO: Sending response: {'status': 'success', 'message': 'Login successful', 'data': {'access': 'eyJhbGciOiJIUzI1NiIsInR5cCI6IkpXVCJ9.eyJ0b2tlbl90eXBlIjoiYWNjZXNzIiwiZXhwIjoxNzQ4NTMzMDI2LCJpYXQiOjE3NDg0NDY2MjYsImp0aSI6IjQzYjQyNDg2NDY0NTQzMmE5NzlhZTBmZTM0MmQ5ZDY4IiwidXNlcl9pZCI6Nn0.M_S-4bpDNRdNKhoaBYqtZp_1h3FB19G217kJzkDAPtA', 'refresh': 'eyJhbGciOiJIUzI1NiIsInR5cCI6IkpXVCJ9.eyJ0b2tlbl90eXBlIjoicmVmcmVzaCIsImV4cCI6MTc0OTA1MTQyNiwiaWF0IjoxNzQ4NDQ2NjI2LCJqdGkiOiJiMDc3MzJhNjI3NTA0MTE2YTcxM2NkMzllMmJmY2I0MyIsInVzZXJfaWQiOjZ9.yuyQcNQJPNoqDY6uGYFe5kMkD6RQ1mwtn9zQLAaFE7M', 'user': {'id': 6, 'email': 'kohli@gmail.com', 'first_name': 'kohli', 'last_name': '', 'role': 'volunteer', 'is_staff': False, 'is_superuser': False}, 'dashboard_url': '/volunteer/dashboard/'}}
SECURITY [2025-05-28 22:59:09,492] INFO: Login attempt with data: {'email': 'kohli@gmail.com', 'password': '12345678', 'role': 'volunteer'}
SECURITY [2025-05-28 22:59:09,494] INFO: User found: kohli@gmail.com with role: volunteer
SECURITY [2025-05-28 22:59:09,971] INFO: Checking role: requested=volunteer, actual=volunteer
SECURITY [2025-05-28 22:59:09,971] INFO: Successful login: kohli@gmail.com (volunteer)
SECURITY [2025-05-28 22:59:09,972] INFO: Sending response: {'status': 'success', 'message': 'Login successful', 'data': {'access': 'eyJhbGciOiJIUzI1NiIsInR5cCI6IkpXVCJ9.eyJ0b2tlbl90eXBlIjoiYWNjZXNzIiwiZXhwIjoxNzQ4NTM5NzQ5LCJpYXQiOjE3NDg0NTMzNDksImp0aSI6IjM2N2FjNGNiZGQzOTRhYmU4ZWU1NWQxNzUyODc4Y2VlIiwidXNlcl9pZCI6Nn0.yIDpYOpI-L9jqOhIo9DUnDclYQAGxklELeg49EDVx6I', 'refresh': 'eyJhbGciOiJIUzI1NiIsInR5cCI6IkpXVCJ9.eyJ0b2tlbl90eXBlIjoicmVmcmVzaCIsImV4cCI6MTc0OTA1ODE0OSwiaWF0IjoxNzQ4NDUzMzQ5LCJqdGkiOiI3ZTVkYTA1OGI5NTA0ZDVhYmQ1N2RmMjQzNWU5YmY2ZCIsInVzZXJfaWQiOjZ9.0pvVG5FX2tnCqiEosYpI0ZPlMPP6VmqQnTaFdFksMiU', 'user': {'id': 6, 'email': 'kohli@gmail.com', 'first_name': 'kohli', 'last_name': '', 'role': 'volunteer', 'is_staff': False, 'is_superuser': False}, 'dashboard_url': '/volunteer/dashboard/'}}
SECURITY [2025-05-28 23:36:53,415] INFO: Login attempt with data: {'email': 'kohli@gmail.com', 'password': '12345678', 'role': 'volunteer'}
SECURITY [2025-05-28 23:36:53,417] INFO: User found: kohli@gmail.com with role: volunteer
SECURITY [2025-05-28 23:36:53,876] INFO: Checking role: requested=volunteer, actual=volunteer
SECURITY [2025-05-28 23:36:53,876] INFO: Successful login: kohli@gmail.com (volunteer)
SECURITY [2025-05-28 23:36:53,877] INFO: Sending response: {'status': 'success', 'message': 'Login successful', 'data': {'access': 'eyJhbGciOiJIUzI1NiIsInR5cCI6IkpXVCJ9.eyJ0b2tlbl90eXBlIjoiYWNjZXNzIiwiZXhwIjoxNzQ4NTQyMDEzLCJpYXQiOjE3NDg0NTU2MTMsImp0aSI6IjE3YTAzNTlkZDQ0NzQ3MDZhNDE0NzkwYTQ0MjVmODdiIiwidXNlcl9pZCI6Nn0.DUE3KngfIRNAsRcuzYPRk6jk8TBUkbBrMgTVbJYURN0', 'refresh': 'eyJhbGciOiJIUzI1NiIsInR5cCI6IkpXVCJ9.eyJ0b2tlbl90eXBlIjoicmVmcmVzaCIsImV4cCI6MTc0OTA2MDQxMywiaWF0IjoxNzQ4NDU1NjEzLCJqdGkiOiIxNTk2YjM2ZTUyZmQ0MWVlOTBmZGM1YTUxMWIxNDY2NCIsInVzZXJfaWQiOjZ9.1DP3NEi1O2JXVe91NM7kS0_Da5iPMlC9ySxnv1CRzyI', 'user': {'id': 6, 'email': 'kohli@gmail.com', 'first_name': 'kohli', 'last_name': '', 'role': 'volunteer', 'is_staff': False, 'is_superuser': False}, 'dashboard_url': '/volunteer/dashboard/'}}
SECURITY [2025-05-28 23:38:12,102] INFO: Login attempt with data: {'email': 'kohli@gmail.com', 'password': '12345678', 'role': 'volunteer'}
SECURITY [2025-05-28 23:38:12,105] INFO: User found: kohli@gmail.com with role: volunteer
SECURITY [2025-05-28 23:38:12,930] INFO: Checking role: requested=volunteer, actual=volunteer
SECURITY [2025-05-28 23:38:12,930] INFO: Successful login: kohli@gmail.com (volunteer)
SECURITY [2025-05-28 23:38:12,931] INFO: Sending response: {'status': 'success', 'message': 'Login successful', 'data': {'access': 'eyJhbGciOiJIUzI1NiIsInR5cCI6IkpXVCJ9.eyJ0b2tlbl90eXBlIjoiYWNjZXNzIiwiZXhwIjoxNzQ4NTQyMDkyLCJpYXQiOjE3NDg0NTU2OTIsImp0aSI6IjE5NzQyMmY5ZDQ0NTQ4N2FiYjg3Yjk5NzEwZGFjNjQxIiwidXNlcl9pZCI6Nn0.FMUx3VCgWMsT7OqH0Y3L2DBBXV1r8F-Uq85gIzR7riM', 'refresh': 'eyJhbGciOiJIUzI1NiIsInR5cCI6IkpXVCJ9.eyJ0b2tlbl90eXBlIjoicmVmcmVzaCIsImV4cCI6MTc0OTA2MDQ5MiwiaWF0IjoxNzQ4NDU1NjkyLCJqdGkiOiI5MGM1MmU2MDM4NWU0YTU1YjBlNTg4ODAxMjA2MDJhNSIsInVzZXJfaWQiOjZ9.x8hGKOHaFAy3y7o2xlLALrjBNgSBlfccaaxrmq6dmLM', 'user': {'id': 6, 'email': 'kohli@gmail.com', 'first_name': 'kohli', 'last_name': '', 'role': 'volunteer', 'is_staff': False, 'is_superuser': False}, 'dashboard_url': '/volunteer/dashboard/'}}
SECURITY [2025-05-29 10:28:31,292] INFO: Login attempt with data: {'email': 'uday@gmail.com', 'password': 'Rcb@2025', 'role': 'admin'}
SECURITY [2025-05-29 10:28:31,302] INFO: User found: uday@gmail.com with role: admin
SECURITY [2025-05-29 10:28:31,775] INFO: Checking role: requested=admin, actual=admin
SECURITY [2025-05-29 10:28:31,775] INFO: Successful login: uday@gmail.com (admin)
SECURITY [2025-05-29 10:28:31,776] INFO: Sending response: {'status': 'success', 'message': 'Login successful', 'data': {'access': 'eyJhbGciOiJIUzI1NiIsInR5cCI6IkpXVCJ9.eyJ0b2tlbl90eXBlIjoiYWNjZXNzIiwiZXhwIjoxNzQ4NTgxMTExLCJpYXQiOjE3NDg0OTQ3MTEsImp0aSI6ImQzMWI5ZTY1NzkxNTRjYzE4ZmJjMzI2NjdiYzVmOWI3IiwidXNlcl9pZCI6M30.7te_FpSGre5UaKa0FaBFAX99u46RfE4nxe7bp2C3q5c', 'refresh': 'eyJhbGciOiJIUzI1NiIsInR5cCI6IkpXVCJ9.eyJ0b2tlbl90eXBlIjoicmVmcmVzaCIsImV4cCI6MTc0OTA5OTUxMSwiaWF0IjoxNzQ4NDk0NzExLCJqdGkiOiJjNzhmZDgzYTcwNWI0MTY0YmJlZjg4OThkMDRhMjcxMyIsInVzZXJfaWQiOjN9.h6d17D4JHJ3VUm6tyxylusZIZ9a4xm4Nf0egIMo5qQs', 'user': {'id': 3, 'email': 'uday@gmail.com', 'first_name': '', 'last_name': '', 'role': 'admin', 'is_staff': False, 'is_superuser': False}, 'dashboard_url': '/admin/dashboard/'}}
SECURITY [2025-05-29 10:29:33,530] INFO: Volunteer creation initiated - User: uday@gmail.com (admin) from IP: 127.0.0.1
SECURITY [2025-05-29 10:29:34,018] INFO: Volunteer created successfully: sachin (ID: 5)
SECURITY [2025-05-29 10:30:00,853] INFO: Login attempt with data: {'email': 'sachin@gmail.com', 'password': 'sachin@123', 'role': 'volunteer'}
SECURITY [2025-05-29 10:30:00,859] INFO: User found: sachin@gmail.com with role: volunteer
SECURITY [2025-05-29 10:30:01,328] INFO: Checking role: requested=volunteer, actual=volunteer
SECURITY [2025-05-29 10:30:01,329] INFO: Successful login: sachin@gmail.com (volunteer)
SECURITY [2025-05-29 10:30:01,330] INFO: Sending response: {'status': 'success', 'message': 'Login successful', 'data': {'access': 'eyJhbGciOiJIUzI1NiIsInR5cCI6IkpXVCJ9.eyJ0b2tlbl90eXBlIjoiYWNjZXNzIiwiZXhwIjoxNzQ4NTgxMjAxLCJpYXQiOjE3NDg0OTQ4MDEsImp0aSI6IjhjYjdhNDlhOWUzMTQ2ZGI4MGY0YmFhN2JiNTEzMmEzIiwidXNlcl9pZCI6N30.ZsdafY0JwFUFMAt49PFL0_A7USOQdynSTP6WbvGatEI', 'refresh': 'eyJhbGciOiJIUzI1NiIsInR5cCI6IkpXVCJ9.eyJ0b2tlbl90eXBlIjoicmVmcmVzaCIsImV4cCI6MTc0OTA5OTYwMSwiaWF0IjoxNzQ4NDk0ODAxLCJqdGkiOiI0NDBmZjVhNWQ1ZGE0ZDQwYWNjNTAzMmJiYzg5N2U1NyIsInVzZXJfaWQiOjd9.OVHsITBFkTrhNOwtdB-zClLj7-YHDygYCsnNzQ_c0Pc', 'user': {'id': 7, 'email': 'sachin@gmail.com', 'first_name': 'sachin', 'last_name': '', 'role': 'volunteer', 'is_staff': False, 'is_superuser': False}, 'dashboard_url': '/volunteer/dashboard/'}}
SECURITY [2025-05-29 10:32:47,764] INFO: Login attempt with data: {'email': 'com1@gmail.com', 'password': 'Rcb@2025', 'role': 'company'}
SECURITY [2025-05-29 10:32:47,778] INFO: User found: com1@gmail.com with role: company
SECURITY [2025-05-29 10:32:48,288] INFO: Checking role: requested=company, actual=company
SECURITY [2025-05-29 10:32:48,289] INFO: Successful login: com1@gmail.com (company)
SECURITY [2025-05-29 10:32:48,292] INFO: Added company data to response: com1 (ID: 1)
SECURITY [2025-05-29 10:32:48,295] INFO: Sending response: {'status': 'success', 'message': 'Login successful', 'data': {'access': 'eyJhbGciOiJIUzI1NiIsInR5cCI6IkpXVCJ9.eyJ0b2tlbl90eXBlIjoiYWNjZXNzIiwiZXhwIjoxNzQ4NTgxMzY4LCJpYXQiOjE3NDg0OTQ5NjgsImp0aSI6IjM4YzAyNjAxNGJmNjRjYmU5OTkxZmE1NjM5NmFjNzBlIiwidXNlcl9pZCI6NH0.DOwAo71YUCjiTpMjSWuuOD59qIPup0KonMe_XkcCVBw', 'refresh': 'eyJhbGciOiJIUzI1NiIsInR5cCI6IkpXVCJ9.eyJ0b2tlbl90eXBlIjoicmVmcmVzaCIsImV4cCI6MTc0OTA5OTc2OCwiaWF0IjoxNzQ4NDk0OTY4LCJqdGkiOiJmY2JhNjBlZjY2NGE0M2ViOWY1NjA4YWM4ZWI5OWU5YyIsInVzZXJfaWQiOjR9.Vnm7PmjLJtzRh4tzEmuAUBJcfntHIR6qPfIZITzTJLA', 'user': {'id': 4, 'email': 'com1@gmail.com', 'first_name': 'com1', 'last_name': '', 'role': 'company', 'is_staff': False, 'is_superuser': False, 'company': {'id': 1, 'name': 'com1', 'email': 'com1@gmail.com'}}, 'dashboard_url': '/company/dashboard/'}}
SECURITY [2025-05-29 10:37:32,853] INFO: Login attempt with data: {'email': 'uday@gmail.com', 'password': 'Rcb@2025', 'role': 'admin'}
SECURITY [2025-05-29 10:37:32,862] INFO: User found: uday@gmail.com with role: admin
SECURITY [2025-05-29 10:37:33,678] INFO: Checking role: requested=admin, actual=admin
SECURITY [2025-05-29 10:37:33,679] INFO: Successful login: uday@gmail.com (admin)
SECURITY [2025-05-29 10:37:33,680] INFO: Sending response: {'status': 'success', 'message': 'Login successful', 'data': {'access': 'eyJhbGciOiJIUzI1NiIsInR5cCI6IkpXVCJ9.eyJ0b2tlbl90eXBlIjoiYWNjZXNzIiwiZXhwIjoxNzQ4NTgxNjUzLCJpYXQiOjE3NDg0OTUyNTMsImp0aSI6IjEwODc5MTQ2OTQ3ZTRjYTE4ZDg5MzdkODkyYTAzYzU4IiwidXNlcl9pZCI6M30.Dk7liOAXSnZk_lFKQeG-I3LJ-vP07rPUcu3ciUrtBGA', 'refresh': 'eyJhbGciOiJIUzI1NiIsInR5cCI6IkpXVCJ9.eyJ0b2tlbl90eXBlIjoicmVmcmVzaCIsImV4cCI6MTc0OTEwMDA1MywiaWF0IjoxNzQ4NDk1MjUzLCJqdGkiOiI2NDI2Nzk5OGFiMTM0NmVlYWM5YmY5N2Y3YjZjNjRkMiIsInVzZXJfaWQiOjN9.X12qsy0tzvRl8lNzuy0-Xyd9qZtyeYjM0KJXy_98DFU', 'user': {'id': 3, 'email': 'uday@gmail.com', 'first_name': '', 'last_name': '', 'role': 'admin', 'is_staff': False, 'is_superuser': False}, 'dashboard_url': '/admin/dashboard/'}}
SECURITY [2025-05-29 10:58:40,699] INFO: Login attempt with data: {'email': 'com1@gmail.com', 'password': 'Rcb@2025', 'role': 'company'}
SECURITY [2025-05-29 10:58:40,705] INFO: User found: com1@gmail.com with role: company
SECURITY [2025-05-29 10:58:41,555] INFO: Checking role: requested=company, actual=company
SECURITY [2025-05-29 10:58:41,556] INFO: Successful login: com1@gmail.com (company)
SECURITY [2025-05-29 10:58:41,561] INFO: Added company data to response: com1 (ID: 1)
SECURITY [2025-05-29 10:58:41,561] INFO: Sending response: {'status': 'success', 'message': 'Login successful', 'data': {'access': 'eyJhbGciOiJIUzI1NiIsInR5cCI6IkpXVCJ9.eyJ0b2tlbl90eXBlIjoiYWNjZXNzIiwiZXhwIjoxNzQ4NTgyOTIxLCJpYXQiOjE3NDg0OTY1MjEsImp0aSI6ImY2NGIxNmY3ZmYyMzRmZTNiOWIwZmY4YWRkOTg5MmVlIiwidXNlcl9pZCI6NH0.SHJ1AP4TR2LYXSuE8mbRijOSohhGnM6KSpxw5muaGMk', 'refresh': 'eyJhbGciOiJIUzI1NiIsInR5cCI6IkpXVCJ9.eyJ0b2tlbl90eXBlIjoicmVmcmVzaCIsImV4cCI6MTc0OTEwMTMyMSwiaWF0IjoxNzQ4NDk2NTIxLCJqdGkiOiIyOWEwMjUyNmZlMmY0NmYxYTFlYzVjMDYzY2YwYWM1ZCIsInVzZXJfaWQiOjR9.9onrZu9hXYeV_jhw7zpy1QXk5aUamf8UTbT4HsjuYLw', 'user': {'id': 4, 'email': 'com1@gmail.com', 'first_name': 'com1', 'last_name': '', 'role': 'company', 'is_staff': False, 'is_superuser': False, 'company': {'id': 1, 'name': 'com1', 'email': 'com1@gmail.com'}}, 'dashboard_url': '/company/dashboard/'}}
SECURITY [2025-05-29 10:59:45,097] INFO: Login attempt with data: {'email': 'uday@gmail.com', 'password': 'Rcb@2025', 'role': 'admin'}
SECURITY [2025-05-29 10:59:45,108] INFO: User found: uday@gmail.com with role: admin
SECURITY [2025-05-29 10:59:45,937] INFO: Checking role: requested=admin, actual=admin
SECURITY [2025-05-29 10:59:45,938] INFO: Successful login: uday@gmail.com (admin)
SECURITY [2025-05-29 10:59:45,939] INFO: Sending response: {'status': 'success', 'message': 'Login successful', 'data': {'access': 'eyJhbGciOiJIUzI1NiIsInR5cCI6IkpXVCJ9.eyJ0b2tlbl90eXBlIjoiYWNjZXNzIiwiZXhwIjoxNzQ4NTgyOTg1LCJpYXQiOjE3NDg0OTY1ODUsImp0aSI6IjkyMGEyMGY2ZDJkODRiMDhiZmMzZjAxZjFjOGJjZDIxIiwidXNlcl9pZCI6M30.XU8M2AMTMY3H9_T04js5Ls3EaON2IM73qvda9Jp7uI8', 'refresh': 'eyJhbGciOiJIUzI1NiIsInR5cCI6IkpXVCJ9.eyJ0b2tlbl90eXBlIjoicmVmcmVzaCIsImV4cCI6MTc0OTEwMTM4NSwiaWF0IjoxNzQ4NDk2NTg1LCJqdGkiOiI3MzExNGRjOWU5MzU0ODEwYmZjY2FiYTFhOWMzZWVmMSIsInVzZXJfaWQiOjN9.XGoYGFdzAzHSNY0Ml_eDquIVQe9sknUVUagHrxjo7sM', 'user': {'id': 3, 'email': 'uday@gmail.com', 'first_name': '', 'last_name': '', 'role': 'admin', 'is_staff': False, 'is_superuser': False}, 'dashboard_url': '/admin/dashboard/'}}
SECURITY [2025-05-29 12:03:56,219] INFO: Login attempt with data: {'email': 'com1@gmail.com', 'password': 'Rcb@2025', 'role': 'company'}
SECURITY [2025-05-29 12:03:56,229] INFO: User found: com1@gmail.com with role: company
SECURITY [2025-05-29 12:03:57,058] INFO: Checking role: requested=company, actual=company
SECURITY [2025-05-29 12:03:57,059] INFO: Successful login: com1@gmail.com (company)
SECURITY [2025-05-29 12:03:57,063] INFO: Added company data to response: com1 (ID: 1)
SECURITY [2025-05-29 12:03:57,064] INFO: Sending response: {'status': 'success', 'message': 'Login successful', 'data': {'access': 'eyJhbGciOiJIUzI1NiIsInR5cCI6IkpXVCJ9.eyJ0b2tlbl90eXBlIjoiYWNjZXNzIiwiZXhwIjoxNzQ4NTg2ODM3LCJpYXQiOjE3NDg1MDA0MzcsImp0aSI6IjFhYjEyZmZiMjhjNDRkYzQ5YzUwZDAxOTk2OGYzZjMxIiwidXNlcl9pZCI6NH0.7SL-F3nKdNK3GINddZv5nuZMnpSjFhFdK0QTHOTRBuU', 'refresh': 'eyJhbGciOiJIUzI1NiIsInR5cCI6IkpXVCJ9.eyJ0b2tlbl90eXBlIjoicmVmcmVzaCIsImV4cCI6MTc0OTEwNTIzNywiaWF0IjoxNzQ4NTAwNDM3LCJqdGkiOiJkYzBiNDhjNGUyODY0ODg5YjM5YTQzZmJkNDYyZGM4NiIsInVzZXJfaWQiOjR9.HAw6pqKKyMmfa_MY5GvyOnb5fp5fyq9GSf2B0uw_hQU', 'user': {'id': 4, 'email': 'com1@gmail.com', 'first_name': 'com1', 'last_name': '', 'role': 'company', 'is_staff': False, 'is_superuser': False, 'company': {'id': 1, 'name': 'com1', 'email': 'com1@gmail.com'}}, 'dashboard_url': '/company/dashboard/'}}
SECURITY [2025-05-29 12:06:06,187] INFO: Login attempt with data: {'email': 'uday@gmail.com', 'password': 'Rcb@2025', 'role': 'admin'}
SECURITY [2025-05-29 12:06:06,200] INFO: User found: uday@gmail.com with role: admin
SECURITY [2025-05-29 12:06:07,491] INFO: Checking role: requested=admin, actual=admin
SECURITY [2025-05-29 12:06:07,492] INFO: Successful login: uday@gmail.com (admin)
SECURITY [2025-05-29 12:06:07,493] INFO: Sending response: {'status': 'success', 'message': 'Login successful', 'data': {'access': 'eyJhbGciOiJIUzI1NiIsInR5cCI6IkpXVCJ9.eyJ0b2tlbl90eXBlIjoiYWNjZXNzIiwiZXhwIjoxNzQ4NTg2OTY3LCJpYXQiOjE3NDg1MDA1NjcsImp0aSI6IjgyM2YyNmI4MDIyZjRkZDJiNzM5ODdjMDE0ZjQ3MTg4IiwidXNlcl9pZCI6M30.3NBVMC49E5rX1S8qNVpFhQJzyGMHS9RN2-WWtQW9qKU', 'refresh': 'eyJhbGciOiJIUzI1NiIsInR5cCI6IkpXVCJ9.eyJ0b2tlbl90eXBlIjoicmVmcmVzaCIsImV4cCI6MTc0OTEwNTM2NywiaWF0IjoxNzQ4NTAwNTY3LCJqdGkiOiIxMmE1YzVkNGQxNzQ0MDQzODM1MTVlYWEzN2Y3YzQ3ZSIsInVzZXJfaWQiOjN9.Sa5jyGuhH27XBslQ3-x8cVSZi1k7ZBEuFs7I5EdMdzM', 'user': {'id': 3, 'email': 'uday@gmail.com', 'first_name': '', 'last_name': '', 'role': 'admin', 'is_staff': False, 'is_superuser': False}, 'dashboard_url': '/admin/dashboard/'}}
SECURITY [2025-05-29 18:36:26,609] INFO: Login attempt with data: {'email': 'admin@gmail.com', 'password': 'admin@1234', 'role': 'admin'}
SECURITY [2025-05-29 18:36:26,620] INFO: User found: admin@gmail.com with role: admin
SECURITY [2025-05-29 18:36:27,454] INFO: Checking role: requested=admin, actual=admin
SECURITY [2025-05-29 18:36:27,455] INFO: Successful login: admin@gmail.com (admin)
SECURITY [2025-05-29 18:36:27,456] INFO: Sending response: {'status': 'success', 'message': 'Login successful', 'data': {'access': 'eyJhbGciOiJIUzI1NiIsInR5cCI6IkpXVCJ9.eyJ0b2tlbl90eXBlIjoiYWNjZXNzIiwiZXhwIjoxNzQ4NjEwMzg3LCJpYXQiOjE3NDg1MjM5ODcsImp0aSI6IjM2YTI1MDYxMjUwNTRlZmRiZTE5ZjJkMThiYWRjOTRjIiwidXNlcl9pZCI6Mn0.O08D75WbuqqjJhe9OvNHkDs62ymFJY4GFW9hl48EMG8', 'refresh': 'eyJhbGciOiJIUzI1NiIsInR5cCI6IkpXVCJ9.eyJ0b2tlbl90eXBlIjoicmVmcmVzaCIsImV4cCI6MTc0OTEyODc4NywiaWF0IjoxNzQ4NTIzOTg3LCJqdGkiOiI0MGI4ZWM0N2E1YzI0M2Y2YTViNTMwNmJhYzk1YTI0YiIsInVzZXJfaWQiOjJ9.5ui2a8SiPfoIyhYFrd7MwVZKrvZiO-aMtRKzNyjsTKs', 'user': {'id': 2, 'email': 'admin@gmail.com', 'first_name': '', 'last_name': '', 'role': 'admin', 'is_staff': False, 'is_superuser': False}, 'dashboard_url': '/admin/dashboard/'}}
SECURITY [2025-05-29 19:54:59,778] INFO: Admin user creating company - User: admin@gmail.com (ID: 2)
SECURITY [2025-05-29 19:54:59,781] INFO: Company creation initiated - Admin: admin@gmail.com from IP: 127.0.0.1
SECURITY [2025-05-29 19:54:59,788] INFO: Request data: {'name': 'mycrop', 'email': 'mycrop@gmail.com', 'phone': '9492346026', 'industry': 'it', 'username': 'mycrop@gmail.com', 'password': '12345678', 'location': 'HYD'}
SECURITY [2025-05-29 19:55:00,695] INFO: Company created successfully: mycrop (ID: 1)
SECURITY [2025-05-29 19:55:00,696] INFO: User account created for company with email: mycrop@gmail.com
SECURITY [2025-05-29 19:55:00,696] INFO: Username: mycrop@gmail.com
SECURITY [2025-05-29 19:55:00,713] INFO: Returning response: {'id': 1, 'name': 'mycrop', 'email': 'mycrop@gmail.com', 'phone': '9492346026', 'address': None, 'location': 'HYD', 'industry': 'it', 'description': None, 'website': None, 'logo': None, 'join_date': '2025-05-29', 'is_active': True, 'user_email': 'mycrop@gmail.com', 'user_id': 3, 'user_credentials': {'username': 'mycrop@gmail.com', 'login_email': 'mycrop@gmail.com', 'password': '12345678', 'role': 'company'}, 'message': 'Company created successfully with user account. Please securely share these credentials with the company.'}
SECURITY [2025-05-29 21:09:20,321] INFO: Login attempt with data: {'email': 'mycrop@gmail.com', 'password': '12345678', 'role': 'company'}
SECURITY [2025-05-29 21:09:20,330] INFO: User found: mycrop@gmail.com with role: company
SECURITY [2025-05-29 21:09:21,129] INFO: Checking role: requested=company, actual=company
SECURITY [2025-05-29 21:09:21,130] INFO: Successful login: mycrop@gmail.com (company)
SECURITY [2025-05-29 21:09:21,132] INFO: Added company data to response: mycrop (ID: 1)
SECURITY [2025-05-29 21:09:21,133] INFO: Sending response: {'status': 'success', 'message': 'Login successful', 'data': {'access': 'eyJhbGciOiJIUzI1NiIsInR5cCI6IkpXVCJ9.eyJ0b2tlbl90eXBlIjoiYWNjZXNzIiwiZXhwIjoxNzQ4NjE5NTYxLCJpYXQiOjE3NDg1MzMxNjEsImp0aSI6ImYwNjIzYjg4MTJmZjRmNDdiOWJhZGFhOTM3ZjViMTIzIiwidXNlcl9pZCI6M30.M4jfVp3Vu_H3c3EADUONqxGK_pyh8-sMuhqAlMYMGE0', 'refresh': 'eyJhbGciOiJIUzI1NiIsInR5cCI6IkpXVCJ9.eyJ0b2tlbl90eXBlIjoicmVmcmVzaCIsImV4cCI6MTc0OTEzNzk2MSwiaWF0IjoxNzQ4NTMzMTYxLCJqdGkiOiJlNzFhOTRjNzExOWY0YzVkYmYwYjYyZDhmZDEyOWQxYyIsInVzZXJfaWQiOjN9.AHUF75EXh6AHqyfkV_rgsko0aTQ6WNN7MrbLNGMebtk', 'user': {'id': 3, 'email': 'mycrop@gmail.com', 'first_name': 'mycrop', 'last_name': '', 'role': 'company', 'is_staff': False, 'is_superuser': False, 'company': {'id': 1, 'name': 'mycrop', 'email': 'mycrop@gmail.com'}}, 'dashboard_url': '/company/dashboard/'}}
SECURITY [2025-05-29 21:13:58,689] INFO: Login attempt with data: {'email': 'admin@gmail.com', 'password': '1234', 'role': 'admin'}
SECURITY [2025-05-29 21:13:58,698] INFO: User found: admin@gmail.com with role: admin
SECURITY [2025-05-29 21:13:59,464] WARNING: Authentication failed for user: admin@gmail.com
SECURITY [2025-05-29 21:14:08,270] INFO: Login attempt with data: {'email': 'admin@gmail.com', 'password': 'admin@123', 'role': 'admin'}
SECURITY [2025-05-29 21:14:08,276] INFO: User found: admin@gmail.com with role: admin
SECURITY [2025-05-29 21:14:08,975] WARNING: Authentication failed for user: admin@gmail.com
SECURITY [2025-05-29 21:14:14,770] INFO: Login attempt with data: {'email': 'admin@gmail.com', 'password': 'admin@1234', 'role': 'admin'}
SECURITY [2025-05-29 21:14:14,776] INFO: User found: admin@gmail.com with role: admin
SECURITY [2025-05-29 21:14:15,520] INFO: Checking role: requested=admin, actual=admin
SECURITY [2025-05-29 21:14:15,521] INFO: Successful login: admin@gmail.com (admin)
SECURITY [2025-05-29 21:14:15,522] INFO: Sending response: {'status': 'success', 'message': 'Login successful', 'data': {'access': 'eyJhbGciOiJIUzI1NiIsInR5cCI6IkpXVCJ9.eyJ0b2tlbl90eXBlIjoiYWNjZXNzIiwiZXhwIjoxNzQ4NjE5ODU1LCJpYXQiOjE3NDg1MzM0NTUsImp0aSI6IjViOTFlNzlkNmFhZDRlYWQ5N2FmMThiMDQ2ODc0YjQwIiwidXNlcl9pZCI6Mn0.DDixuVd7E3IunRoo3uKRAcX4HhqdLBySEsvD1Nv2OPg', 'refresh': 'eyJhbGciOiJIUzI1NiIsInR5cCI6IkpXVCJ9.eyJ0b2tlbl90eXBlIjoicmVmcmVzaCIsImV4cCI6MTc0OTEzODI1NSwiaWF0IjoxNzQ4NTMzNDU1LCJqdGkiOiI5YjU1MmE5ZGU3ODM0MDg5OWI0YmUxYjE0ZWU0Mzg3NiIsInVzZXJfaWQiOjJ9.M4S19SLs9Ha7u0LtdTaMy3K0yYAfwv-_3nlFkWNziYc', 'user': {'id': 2, 'email': 'admin@gmail.com', 'first_name': '', 'last_name': '', 'role': 'admin', 'is_staff': False, 'is_superuser': False}, 'dashboard_url': '/admin/dashboard/'}}
SECURITY [2025-05-29 23:25:48,457] INFO: Login attempt with data: {'email': 'mycrop@gmail.com', 'password': '12345678', 'role': 'company'}
SECURITY [2025-05-29 23:25:48,468] INFO: User found: mycrop@gmail.com with role: company
SECURITY [2025-05-29 23:25:49,254] INFO: Checking role: requested=company, actual=company
SECURITY [2025-05-29 23:25:49,256] INFO: Successful login: mycrop@gmail.com (company)
SECURITY [2025-05-29 23:25:49,260] INFO: Added company data to response: mycrop (ID: 1)
SECURITY [2025-05-29 23:25:49,260] INFO: Sending response: {'status': 'success', 'message': 'Login successful', 'data': {'access': 'eyJhbGciOiJIUzI1NiIsInR5cCI6IkpXVCJ9.eyJ0b2tlbl90eXBlIjoiYWNjZXNzIiwiZXhwIjoxNzQ4NjI3NzQ5LCJpYXQiOjE3NDg1NDEzNDksImp0aSI6IjRhN2MzY2RlZjc5NTQ3MzhiYTI0NTk0NjA5ZGI5ZjAzIiwidXNlcl9pZCI6M30.hg4n6Gb9tWWIbcC5mPLzjI3kazEY5rWFsG9_mljfGx8', 'refresh': 'eyJhbGciOiJIUzI1NiIsInR5cCI6IkpXVCJ9.eyJ0b2tlbl90eXBlIjoicmVmcmVzaCIsImV4cCI6MTc0OTE0NjE0OSwiaWF0IjoxNzQ4NTQxMzQ5LCJqdGkiOiIyNDMzNmU4ZjgxZTM0OTNjOTIzMjA5ODE2Mjg2ZjBkOSIsInVzZXJfaWQiOjN9.fmyPYJEurvkKpHtny1QQxt2VtQe9W87j9hKF9QIGBps', 'user': {'id': 3, 'email': 'mycrop@gmail.com', 'first_name': 'mycrop', 'last_name': '', 'role': 'company', 'is_staff': False, 'is_superuser': False, 'company': {'id': 1, 'name': 'mycrop', 'email': 'mycrop@gmail.com'}}, 'dashboard_url': '/company/dashboard/'}}
SECURITY [2025-05-29 23:38:26,145] INFO: Login attempt with data: {'email': 'admin@gmail.com', 'password': '12345678', 'role': 'admin'}
SECURITY [2025-05-29 23:38:26,159] INFO: User found: admin@gmail.com with role: admin
SECURITY [2025-05-29 23:38:26,982] WARNING: Authentication failed for user: admin@gmail.com
SECURITY [2025-05-29 23:38:33,487] INFO: Login attempt with data: {'email': 'admin@gmail.com', 'password': 'admin@1234', 'role': 'admin'}
SECURITY [2025-05-29 23:38:33,495] INFO: User found: admin@gmail.com with role: admin
SECURITY [2025-05-29 23:38:34,268] INFO: Checking role: requested=admin, actual=admin
SECURITY [2025-05-29 23:38:34,269] INFO: Successful login: admin@gmail.com (admin)
SECURITY [2025-05-29 23:38:34,269] INFO: Sending response: {'status': 'success', 'message': 'Login successful', 'data': {'access': 'eyJhbGciOiJIUzI1NiIsInR5cCI6IkpXVCJ9.eyJ0b2tlbl90eXBlIjoiYWNjZXNzIiwiZXhwIjoxNzQ4NjI4NTE0LCJpYXQiOjE3NDg1NDIxMTQsImp0aSI6ImM0OWIxODc3ODYyYTRmNGVhYWJhYWZiYzdkNjM4ZDZlIiwidXNlcl9pZCI6Mn0.PFyJWSkkdvF-M5fgQqT9mK3Pz-045ZwhV5CMzYpx9VU', 'refresh': 'eyJhbGciOiJIUzI1NiIsInR5cCI6IkpXVCJ9.eyJ0b2tlbl90eXBlIjoicmVmcmVzaCIsImV4cCI6MTc0OTE0NjkxNCwiaWF0IjoxNzQ4NTQyMTE0LCJqdGkiOiIxNGZhMGVjNTk4ODA0MDQ1YTYyODdiYjk1YzI3ODNhMSIsInVzZXJfaWQiOjJ9.pyMPzP655TFPCxBTUxYu13rslDYi9hMphMV0MEzuPbw', 'user': {'id': 2, 'email': 'admin@gmail.com', 'first_name': '', 'last_name': '', 'role': 'admin', 'is_staff': False, 'is_superuser': False}, 'dashboard_url': '/admin/dashboard/'}}
SECURITY [2025-05-29 23:39:29,193] INFO: Login attempt with data: {'email': 'mycrop@gmail.com', 'password': '1234', 'role': 'company'}
SECURITY [2025-05-29 23:39:29,200] INFO: User found: mycrop@gmail.com with role: company
SECURITY [2025-05-29 23:39:29,978] WARNING: Authentication failed for user: mycrop@gmail.com
SECURITY [2025-05-29 23:39:34,562] INFO: Login attempt with data: {'email': 'mycrop@gmail.com', 'password': '12345678', 'role': 'company'}
SECURITY [2025-05-29 23:39:34,570] INFO: User found: mycrop@gmail.com with role: company
SECURITY [2025-05-29 23:39:35,401] INFO: Checking role: requested=company, actual=company
SECURITY [2025-05-29 23:39:35,402] INFO: Successful login: mycrop@gmail.com (company)
SECURITY [2025-05-29 23:39:35,404] INFO: Added company data to response: mycrop (ID: 1)
SECURITY [2025-05-29 23:39:35,405] INFO: Sending response: {'status': 'success', 'message': 'Login successful', 'data': {'access': 'eyJhbGciOiJIUzI1NiIsInR5cCI6IkpXVCJ9.eyJ0b2tlbl90eXBlIjoiYWNjZXNzIiwiZXhwIjoxNzQ4NjI4NTc1LCJpYXQiOjE3NDg1NDIxNzUsImp0aSI6ImY0ZGMwNjNiOWFmNDRmYWRiNDFhZjliNzBiMjFmNmQ4IiwidXNlcl9pZCI6M30.pH2EHFjzJXswthxYX16jBbOgc034Sv_XZTU1isRZhQU', 'refresh': 'eyJhbGciOiJIUzI1NiIsInR5cCI6IkpXVCJ9.eyJ0b2tlbl90eXBlIjoicmVmcmVzaCIsImV4cCI6MTc0OTE0Njk3NSwiaWF0IjoxNzQ4NTQyMTc1LCJqdGkiOiIwZTZjYTcwNjMyMWI0ODZjYTczYTg2YzY5NjAyN2JmNCIsInVzZXJfaWQiOjN9.ilah560ITay87LiAXitN8hpXYcRW-WW-3Pi9FiHN9rw', 'user': {'id': 3, 'email': 'mycrop@gmail.com', 'first_name': 'mycrop', 'last_name': '', 'role': 'company', 'is_staff': False, 'is_superuser': False, 'company': {'id': 1, 'name': 'mycrop', 'email': 'mycrop@gmail.com'}}, 'dashboard_url': '/company/dashboard/'}}
SECURITY [2025-05-29 23:40:46,943] INFO: Login attempt with data: {'email': 'admin@gmail.com', 'password': 'admin@1234', 'role': 'admin'}
SECURITY [2025-05-29 23:40:46,949] INFO: User found: admin@gmail.com with role: admin
SECURITY [2025-05-29 23:40:47,550] INFO: Checking role: requested=admin, actual=admin
SECURITY [2025-05-29 23:40:47,550] INFO: Successful login: admin@gmail.com (admin)
SECURITY [2025-05-29 23:40:47,551] INFO: Sending response: {'status': 'success', 'message': 'Login successful', 'data': {'access': 'eyJhbGciOiJIUzI1NiIsInR5cCI6IkpXVCJ9.eyJ0b2tlbl90eXBlIjoiYWNjZXNzIiwiZXhwIjoxNzQ4NjI4NjQ3LCJpYXQiOjE3NDg1NDIyNDcsImp0aSI6IjA3NWVjMWYwN2FiNTQ3YTI5YjAwZDViZTA3NmVjNmM4IiwidXNlcl9pZCI6Mn0.ANqIyjMOOMnEGHocGypWJ0jkZ1VVli62bKxiiJGogVw', 'refresh': 'eyJhbGciOiJIUzI1NiIsInR5cCI6IkpXVCJ9.eyJ0b2tlbl90eXBlIjoicmVmcmVzaCIsImV4cCI6MTc0OTE0NzA0NywiaWF0IjoxNzQ4NTQyMjQ3LCJqdGkiOiJjMDVlNmIzNzdjNjE0Mzc0OWJhZmU2OTg4ZWI0ZWUyNCIsInVzZXJfaWQiOjJ9.AnZ9L11TRS89rpiDh9_Ix8oAVzSCQoRqdQEyzsS-_jk', 'user': {'id': 2, 'email': 'admin@gmail.com', 'first_name': '', 'last_name': '', 'role': 'admin', 'is_staff': False, 'is_superuser': False}, 'dashboard_url': '/admin/dashboard/'}}
SECURITY [2025-05-29 23:42:47,845] INFO: Login attempt with data: {'email': 'mycrop@gmail.com', 'password': '12345678', 'role': 'company'}
SECURITY [2025-05-29 23:42:47,855] INFO: User found: mycrop@gmail.com with role: company
SECURITY [2025-05-29 23:42:48,583] INFO: Checking role: requested=company, actual=company
SECURITY [2025-05-29 23:42:48,584] INFO: Successful login: mycrop@gmail.com (company)
SECURITY [2025-05-29 23:42:48,586] INFO: Added company data to response: mycrop (ID: 1)
SECURITY [2025-05-29 23:42:48,586] INFO: Sending response: {'status': 'success', 'message': 'Login successful', 'data': {'access': 'eyJhbGciOiJIUzI1NiIsInR5cCI6IkpXVCJ9.eyJ0b2tlbl90eXBlIjoiYWNjZXNzIiwiZXhwIjoxNzQ4NjI4NzY4LCJpYXQiOjE3NDg1NDIzNjgsImp0aSI6IjNjMzMzMmNjZGYxOTQ4ODZhZDI3YWM3NDM3MDIxOGJjIiwidXNlcl9pZCI6M30.FGDl6VEgCThSv7FD8qrrW4BRxlgMDmhbvi2TKQTnoLs', 'refresh': 'eyJhbGciOiJIUzI1NiIsInR5cCI6IkpXVCJ9.eyJ0b2tlbl90eXBlIjoicmVmcmVzaCIsImV4cCI6MTc0OTE0NzE2OCwiaWF0IjoxNzQ4NTQyMzY4LCJqdGkiOiJkNzYwZjE5MTU2ZWM0MmM0YjA0MDQ1YjRlNTMyMDE0ZSIsInVzZXJfaWQiOjN9.CLmqsJhbEXODOoOj0HH_axmfQvSaMwRojdLoTed3lwI', 'user': {'id': 3, 'email': 'mycrop@gmail.com', 'first_name': 'mycrop', 'last_name': '', 'role': 'company', 'is_staff': False, 'is_superuser': False, 'company': {'id': 1, 'name': 'mycrop', 'email': 'mycrop@gmail.com'}}, 'dashboard_url': '/company/dashboard/'}}
SECURITY [2025-05-30 10:40:46,953] INFO: Login attempt with data: {'email': 'admin@gmail.com', 'password': 'admin@1234', 'role': 'admin'}
SECURITY [2025-05-30 10:40:46,964] INFO: User found: admin@gmail.com with role: admin
SECURITY [2025-05-30 10:40:47,856] INFO: Checking role: requested=admin, actual=admin
SECURITY [2025-05-30 10:40:47,857] INFO: Successful login: admin@gmail.com (admin)
SECURITY [2025-05-30 10:40:47,894] INFO: Sending response: {'status': 'success', 'message': 'Login successful', 'data': {'access': 'eyJhbGciOiJIUzI1NiIsInR5cCI6IkpXVCJ9.eyJ0b2tlbl90eXBlIjoiYWNjZXNzIiwiZXhwIjoxNzQ4NjY4MjQ3LCJpYXQiOjE3NDg1ODE4NDcsImp0aSI6ImVhZjMzMWZjMzRlNTQyOGRhYzEzZmZjYmE1YmQ5NmQyIiwidXNlcl9pZCI6Mn0.PLp8vHPvPOLvhCNW4I-Pp0nFo3_ZyGJPkf2hbd6Krcw', 'refresh': 'eyJhbGciOiJIUzI1NiIsInR5cCI6IkpXVCJ9.eyJ0b2tlbl90eXBlIjoicmVmcmVzaCIsImV4cCI6MTc0OTE4NjY0NywiaWF0IjoxNzQ4NTgxODQ3LCJqdGkiOiIyNTQ0Y2Y5YzYyOGI0ZWE3YTk3ODZiM2MyYjE3OTM1YSIsInVzZXJfaWQiOjJ9.hMxFe0bGf6MrbzcG6KV6Uisfi5jGgAb6_CMdzPOMrxk', 'user': {'id': 2, 'email': 'admin@gmail.com', 'first_name': '', 'last_name': '', 'role': 'admin', 'is_staff': False, 'is_superuser': False}, 'dashboard_url': '/admin/dashboard/'}}
SECURITY [2025-05-30 10:45:49,364] INFO: Admin user creating company - User: admin@gmail.com (ID: 2)
SECURITY [2025-05-30 10:45:49,364] INFO: Company creation initiated - Admin: admin@gmail.com from IP: 127.0.0.1
SECURITY [2025-05-30 10:45:49,365] INFO: Request data: {'name': 'mycrop2', 'email': 'mycrop2@gmail.com', 'phone': '9492346026', 'industry': 'transport', 'username': 'mycrop2@gmail.com', 'password': '12345678', 'location': 'new delhi'}
SECURITY [2025-05-30 10:45:50,231] INFO: Company created successfully: mycrop2 (ID: 2)
SECURITY [2025-05-30 10:45:50,232] INFO: User account created for company with email: mycrop2@gmail.com
SECURITY [2025-05-30 10:45:50,232] INFO: Username: mycrop2@gmail.com
SECURITY [2025-05-30 10:45:50,233] INFO: Returning response: {'id': 2, 'name': 'mycrop2', 'email': 'mycrop2@gmail.com', 'phone': '9492346026', 'address': None, 'location': 'new delhi', 'industry': 'transport', 'description': None, 'website': None, 'logo': None, 'join_date': '2025-05-30', 'is_active': True, 'user_email': 'mycrop2@gmail.com', 'user_id': 4, 'user_credentials': {'username': 'mycrop2@gmail.com', 'login_email': 'mycrop2@gmail.com', 'password': '12345678', 'role': 'company'}, 'message': 'Company created successfully with user account. Please securely share these credentials with the company.'}
SECURITY [2025-05-30 11:04:29,228] INFO: Volunteer creation initiated - User: admin@gmail.com (admin) from IP: 127.0.0.1
SECURITY [2025-05-30 11:04:30,211] INFO: Volunteer created successfully: volunteer 1 (ID: 1)
SECURITY [2025-05-30 15:13:42,266] INFO: Volunteer creation initiated - User: mycrop2@gmail.com (company) from IP: 127.0.0.1
SECURITY [2025-05-30 15:13:43,974] INFO: Volunteer created successfully: vol12 (ID: 2)
